[2024-08-02T21:18:11.803+0000] {taskinstance.py:1157} INFO - Dependencies all met for dep_context=non-requeueable deps ti=<TaskInstance: sensor_data_pipeline.process_data_with_spark manual__2024-08-02T21:18:09.962339+00:00 [queued]>
[2024-08-02T21:18:11.809+0000] {taskinstance.py:1157} INFO - Dependencies all met for dep_context=requeueable deps ti=<TaskInstance: sensor_data_pipeline.process_data_with_spark manual__2024-08-02T21:18:09.962339+00:00 [queued]>
[2024-08-02T21:18:11.809+0000] {taskinstance.py:1359} INFO - Starting attempt 1 of 2
[2024-08-02T21:18:11.825+0000] {taskinstance.py:1380} INFO - Executing <Task(SparkSubmitOperator): process_data_with_spark> on 2024-08-02 21:18:09.962339+00:00
[2024-08-02T21:18:11.830+0000] {standard_task_runner.py:57} INFO - Started process 524 to run task
[2024-08-02T21:18:11.832+0000] {standard_task_runner.py:84} INFO - Running: ['***', 'tasks', 'run', 'sensor_data_pipeline', 'process_data_with_spark', 'manual__2024-08-02T21:18:09.962339+00:00', '--job-id', '200', '--raw', '--subdir', 'DAGS_FOLDER/sensor_data_pipeline_dag.py', '--cfg-path', '/tmp/tmpyonwmyij']
[2024-08-02T21:18:11.834+0000] {standard_task_runner.py:85} INFO - Job 200: Subtask process_data_with_spark
[2024-08-02T21:18:11.872+0000] {task_command.py:415} INFO - Running <TaskInstance: sensor_data_pipeline.process_data_with_spark manual__2024-08-02T21:18:09.962339+00:00 [running]> on host 8ded6b713b13
[2024-08-02T21:18:11.944+0000] {taskinstance.py:1660} INFO - Exporting env vars: AIRFLOW_CTX_DAG_OWNER='***' AIRFLOW_CTX_DAG_ID='sensor_data_pipeline' AIRFLOW_CTX_TASK_ID='process_data_with_spark' AIRFLOW_CTX_EXECUTION_DATE='2024-08-02T21:18:09.962339+00:00' AIRFLOW_CTX_TRY_NUMBER='1' AIRFLOW_CTX_DAG_RUN_ID='manual__2024-08-02T21:18:09.962339+00:00'
[2024-08-02T21:18:11.952+0000] {base.py:73} INFO - Using connection ID 'spark_default' for task execution.
[2024-08-02T21:18:11.952+0000] {spark_submit.py:403} INFO - Spark-Submit cmd: spark-submit --master spark://spark-master:7077 --name arrow-spark --deploy-mode client /opt/***/dags/src/process_data.py
[2024-08-02T21:18:12.084+0000] {spark_submit.py:579} INFO - /home/***/.local/lib/python3.8/site-packages/pyspark/bin/load-spark-env.sh: line 68: ps: command not found
[2024-08-02T21:18:17.917+0000] {spark_submit.py:579} INFO - /usr/local/bin/python: can't open file '/opt/***/dags/src/process_data.py': [Errno 2] No such file or directory
[2024-08-02T21:18:17.929+0000] {spark_submit.py:579} INFO - 24/08/02 21:18:17 INFO ShutdownHookManager: Shutdown hook called
[2024-08-02T21:18:17.931+0000] {spark_submit.py:579} INFO - 24/08/02 21:18:17 INFO ShutdownHookManager: Deleting directory /tmp/spark-03fbf35f-eb65-47c3-ae18-f53aaaa9ad6d
[2024-08-02T21:18:17.965+0000] {taskinstance.py:1935} ERROR - Task failed with exception
Traceback (most recent call last):
  File "/home/airflow/.local/lib/python3.8/site-packages/airflow/providers/apache/spark/operators/spark_submit.py", line 174, in execute
    self._hook.submit(self.application)
  File "/home/airflow/.local/lib/python3.8/site-packages/airflow/providers/apache/spark/hooks/spark_submit.py", line 505, in submit
    raise AirflowException(
airflow.exceptions.AirflowException: Cannot execute: spark-submit --master spark://spark-master:7077 --name arrow-spark --deploy-mode client /opt/***/dags/src/process_data.py. Error code is: 2.
[2024-08-02T21:18:17.968+0000] {taskinstance.py:1398} INFO - Marking task as UP_FOR_RETRY. dag_id=sensor_data_pipeline, task_id=process_data_with_spark, execution_date=20240802T211809, start_date=20240802T211811, end_date=20240802T211817
[2024-08-02T21:18:17.985+0000] {standard_task_runner.py:104} ERROR - Failed to execute job 200 for task process_data_with_spark (Cannot execute: spark-submit --master spark://spark-master:7077 --name arrow-spark --deploy-mode client /opt/***/dags/src/process_data.py. Error code is: 2.; 524)
[2024-08-02T21:18:18.011+0000] {local_task_job_runner.py:228} INFO - Task exited with return code 1
[2024-08-02T21:18:18.023+0000] {taskinstance.py:2776} INFO - 0 downstream tasks scheduled from follow-on schedule check
