[2024-08-02T21:31:44.619+0000] {taskinstance.py:1157} INFO - Dependencies all met for dep_context=non-requeueable deps ti=<TaskInstance: sensor_data_pipeline.process_data_with_spark manual__2024-08-02T21:26:39.094306+00:00 [queued]>
[2024-08-02T21:31:44.625+0000] {taskinstance.py:1157} INFO - Dependencies all met for dep_context=requeueable deps ti=<TaskInstance: sensor_data_pipeline.process_data_with_spark manual__2024-08-02T21:26:39.094306+00:00 [queued]>
[2024-08-02T21:31:44.625+0000] {taskinstance.py:1359} INFO - Starting attempt 2 of 2
[2024-08-02T21:31:44.640+0000] {taskinstance.py:1380} INFO - Executing <Task(SparkSubmitOperator): process_data_with_spark> on 2024-08-02 21:26:39.094306+00:00
[2024-08-02T21:31:44.646+0000] {standard_task_runner.py:57} INFO - Started process 1084 to run task
[2024-08-02T21:31:44.648+0000] {standard_task_runner.py:84} INFO - Running: ['***', 'tasks', 'run', 'sensor_data_pipeline', 'process_data_with_spark', 'manual__2024-08-02T21:26:39.094306+00:00', '--job-id', '206', '--raw', '--subdir', 'DAGS_FOLDER/sensor_data_pipeline_dag.py', '--cfg-path', '/tmp/tmpnf0xem1m']
[2024-08-02T21:31:44.649+0000] {standard_task_runner.py:85} INFO - Job 206: Subtask process_data_with_spark
[2024-08-02T21:31:44.691+0000] {task_command.py:415} INFO - Running <TaskInstance: sensor_data_pipeline.process_data_with_spark manual__2024-08-02T21:26:39.094306+00:00 [running]> on host 8ded6b713b13
[2024-08-02T21:31:44.746+0000] {taskinstance.py:1660} INFO - Exporting env vars: AIRFLOW_CTX_DAG_OWNER='***' AIRFLOW_CTX_DAG_ID='sensor_data_pipeline' AIRFLOW_CTX_TASK_ID='process_data_with_spark' AIRFLOW_CTX_EXECUTION_DATE='2024-08-02T21:26:39.094306+00:00' AIRFLOW_CTX_TRY_NUMBER='2' AIRFLOW_CTX_DAG_RUN_ID='manual__2024-08-02T21:26:39.094306+00:00'
[2024-08-02T21:31:44.752+0000] {base.py:73} INFO - Using connection ID 'spark_default' for task execution.
[2024-08-02T21:31:44.752+0000] {spark_submit.py:403} INFO - Spark-Submit cmd: spark-submit --master spark://spark-master:7077 --name arrow-spark --deploy-mode client /opt/***/dags/src/process_data.py
[2024-08-02T21:31:44.871+0000] {spark_submit.py:579} INFO - /home/***/.local/lib/python3.8/site-packages/pyspark/bin/load-spark-env.sh: line 68: ps: command not found
[2024-08-02T21:31:46.504+0000] {spark_submit.py:579} INFO - /usr/local/bin/python: can't open file '/opt/***/dags/src/process_data.py': [Errno 2] No such file or directory
[2024-08-02T21:31:46.515+0000] {spark_submit.py:579} INFO - 24/08/02 21:31:46 INFO ShutdownHookManager: Shutdown hook called
[2024-08-02T21:31:46.517+0000] {spark_submit.py:579} INFO - 24/08/02 21:31:46 INFO ShutdownHookManager: Deleting directory /tmp/spark-c98725e9-c652-4a46-8334-9a589e471e49
[2024-08-02T21:31:46.554+0000] {taskinstance.py:1935} ERROR - Task failed with exception
Traceback (most recent call last):
  File "/home/airflow/.local/lib/python3.8/site-packages/airflow/providers/apache/spark/operators/spark_submit.py", line 174, in execute
    self._hook.submit(self.application)
  File "/home/airflow/.local/lib/python3.8/site-packages/airflow/providers/apache/spark/hooks/spark_submit.py", line 505, in submit
    raise AirflowException(
airflow.exceptions.AirflowException: Cannot execute: spark-submit --master spark://spark-master:7077 --name arrow-spark --deploy-mode client /opt/***/dags/src/process_data.py. Error code is: 2.
[2024-08-02T21:31:46.558+0000] {taskinstance.py:1398} INFO - Marking task as FAILED. dag_id=sensor_data_pipeline, task_id=process_data_with_spark, execution_date=20240802T212639, start_date=20240802T213144, end_date=20240802T213146
[2024-08-02T21:31:46.575+0000] {standard_task_runner.py:104} ERROR - Failed to execute job 206 for task process_data_with_spark (Cannot execute: spark-submit --master spark://spark-master:7077 --name arrow-spark --deploy-mode client /opt/***/dags/src/process_data.py. Error code is: 2.; 1084)
[2024-08-02T21:31:46.584+0000] {local_task_job_runner.py:228} INFO - Task exited with return code 1
[2024-08-02T21:31:46.596+0000] {taskinstance.py:2776} INFO - 0 downstream tasks scheduled from follow-on schedule check
