[2024-08-02T10:36:38.836+0000] {taskinstance.py:1157} INFO - Dependencies all met for dep_context=non-requeueable deps ti=<TaskInstance: sensor_data_pipeline.spark_streaming_job manual__2024-08-02T10:36:35.369319+00:00 [queued]>
[2024-08-02T10:36:38.843+0000] {taskinstance.py:1157} INFO - Dependencies all met for dep_context=requeueable deps ti=<TaskInstance: sensor_data_pipeline.spark_streaming_job manual__2024-08-02T10:36:35.369319+00:00 [queued]>
[2024-08-02T10:36:38.843+0000] {taskinstance.py:1359} INFO - Starting attempt 1 of 2
[2024-08-02T10:36:38.860+0000] {taskinstance.py:1380} INFO - Executing <Task(SparkSubmitOperator): spark_streaming_job> on 2024-08-02 10:36:35.369319+00:00
[2024-08-02T10:36:38.866+0000] {standard_task_runner.py:57} INFO - Started process 293 to run task
[2024-08-02T10:36:38.873+0000] {standard_task_runner.py:84} INFO - Running: ['***', 'tasks', 'run', 'sensor_data_pipeline', 'spark_streaming_job', 'manual__2024-08-02T10:36:35.369319+00:00', '--job-id', '83', '--raw', '--subdir', 'DAGS_FOLDER/sensor_data_pipeline.py', '--cfg-path', '/tmp/tmpxt35zkho']
[2024-08-02T10:36:38.875+0000] {standard_task_runner.py:85} INFO - Job 83: Subtask spark_streaming_job
[2024-08-02T10:36:38.922+0000] {task_command.py:415} INFO - Running <TaskInstance: sensor_data_pipeline.spark_streaming_job manual__2024-08-02T10:36:35.369319+00:00 [running]> on host 446c27ed0464
[2024-08-02T10:36:39.000+0000] {taskinstance.py:1660} INFO - Exporting env vars: AIRFLOW_CTX_DAG_OWNER='***' AIRFLOW_CTX_DAG_ID='sensor_data_pipeline' AIRFLOW_CTX_TASK_ID='spark_streaming_job' AIRFLOW_CTX_EXECUTION_DATE='2024-08-02T10:36:35.369319+00:00' AIRFLOW_CTX_TRY_NUMBER='1' AIRFLOW_CTX_DAG_RUN_ID='manual__2024-08-02T10:36:35.369319+00:00'
[2024-08-02T10:36:39.009+0000] {base.py:73} INFO - Using connection ID 'spark_default' for task execution.
[2024-08-02T10:36:39.010+0000] {spark_submit.py:403} INFO - Spark-Submit cmd: spark-submit --master spark://spark-master:7077 --name arrow-spark --verbose --deploy-mode client /opt/***/dags/src/processors/sensor_data_processor.py
[2024-08-02T10:36:39.143+0000] {spark_submit.py:579} INFO - /home/***/.local/lib/python3.8/site-packages/pyspark/bin/load-spark-env.sh: line 68: ps: command not found
[2024-08-02T10:36:41.684+0000] {spark_submit.py:579} INFO - Using properties file: null
[2024-08-02T10:36:41.958+0000] {spark_submit.py:579} INFO - Parsed arguments:
[2024-08-02T10:36:41.962+0000] {spark_submit.py:579} INFO - master                  spark://spark-master:7077
[2024-08-02T10:36:41.964+0000] {spark_submit.py:579} INFO - deployMode              client
[2024-08-02T10:36:41.965+0000] {spark_submit.py:579} INFO - executorMemory          null
[2024-08-02T10:36:41.966+0000] {spark_submit.py:579} INFO - executorCores           null
[2024-08-02T10:36:41.968+0000] {spark_submit.py:579} INFO - totalExecutorCores      null
[2024-08-02T10:36:41.969+0000] {spark_submit.py:579} INFO - propertiesFile          null
[2024-08-02T10:36:41.969+0000] {spark_submit.py:579} INFO - driverMemory            null
[2024-08-02T10:36:41.970+0000] {spark_submit.py:579} INFO - driverCores             null
[2024-08-02T10:36:41.970+0000] {spark_submit.py:579} INFO - driverExtraClassPath    null
[2024-08-02T10:36:41.970+0000] {spark_submit.py:579} INFO - driverExtraLibraryPath  null
[2024-08-02T10:36:41.971+0000] {spark_submit.py:579} INFO - driverExtraJavaOptions  null
[2024-08-02T10:36:41.971+0000] {spark_submit.py:579} INFO - supervise               false
[2024-08-02T10:36:41.971+0000] {spark_submit.py:579} INFO - queue                   null
[2024-08-02T10:36:41.971+0000] {spark_submit.py:579} INFO - numExecutors            null
[2024-08-02T10:36:41.971+0000] {spark_submit.py:579} INFO - files                   null
[2024-08-02T10:36:41.971+0000] {spark_submit.py:579} INFO - pyFiles                 null
[2024-08-02T10:36:41.972+0000] {spark_submit.py:579} INFO - archives                null
[2024-08-02T10:36:41.972+0000] {spark_submit.py:579} INFO - mainClass               null
[2024-08-02T10:36:41.972+0000] {spark_submit.py:579} INFO - primaryResource         file:/opt/***/dags/src/processors/sensor_data_processor.py
[2024-08-02T10:36:41.972+0000] {spark_submit.py:579} INFO - name                    arrow-spark
[2024-08-02T10:36:41.972+0000] {spark_submit.py:579} INFO - childArgs               []
[2024-08-02T10:36:41.972+0000] {spark_submit.py:579} INFO - jars                    null
[2024-08-02T10:36:41.973+0000] {spark_submit.py:579} INFO - packages                null
[2024-08-02T10:36:41.973+0000] {spark_submit.py:579} INFO - packagesExclusions      null
[2024-08-02T10:36:41.973+0000] {spark_submit.py:579} INFO - repositories            null
[2024-08-02T10:36:41.973+0000] {spark_submit.py:579} INFO - verbose                 true
[2024-08-02T10:36:41.973+0000] {spark_submit.py:579} INFO - 
[2024-08-02T10:36:41.973+0000] {spark_submit.py:579} INFO - Spark properties used, including those specified through
[2024-08-02T10:36:41.973+0000] {spark_submit.py:579} INFO - --conf and those from the properties file null:
[2024-08-02T10:36:41.974+0000] {spark_submit.py:579} INFO - 
[2024-08-02T10:36:41.974+0000] {spark_submit.py:579} INFO - 
[2024-08-02T10:36:41.974+0000] {spark_submit.py:579} INFO - 
[2024-08-02T10:36:42.478+0000] {spark_submit.py:579} INFO - Main class:
[2024-08-02T10:36:42.481+0000] {spark_submit.py:579} INFO - org.apache.spark.deploy.PythonRunner
[2024-08-02T10:36:42.482+0000] {spark_submit.py:579} INFO - Arguments:
[2024-08-02T10:36:42.483+0000] {spark_submit.py:579} INFO - file:/opt/***/dags/src/processors/sensor_data_processor.py
[2024-08-02T10:36:42.483+0000] {spark_submit.py:579} INFO - null
[2024-08-02T10:36:42.531+0000] {spark_submit.py:579} INFO - Spark config:
[2024-08-02T10:36:42.532+0000] {spark_submit.py:579} INFO - (spark.app.name,arrow-spark)
[2024-08-02T10:36:42.532+0000] {spark_submit.py:579} INFO - (spark.app.submitTime,1722595002449)
[2024-08-02T10:36:42.532+0000] {spark_submit.py:579} INFO - (spark.master,spark://spark-master:7077)
[2024-08-02T10:36:42.533+0000] {spark_submit.py:579} INFO - (spark.submit.deployMode,client)
[2024-08-02T10:36:42.534+0000] {spark_submit.py:579} INFO - (spark.submit.pyFiles,)
[2024-08-02T10:36:42.537+0000] {spark_submit.py:579} INFO - Classpath elements:
[2024-08-02T10:36:42.537+0000] {spark_submit.py:579} INFO - 
[2024-08-02T10:36:42.537+0000] {spark_submit.py:579} INFO - 
[2024-08-02T10:36:42.538+0000] {spark_submit.py:579} INFO - 
[2024-08-02T10:36:42.918+0000] {spark_submit.py:579} INFO - /usr/local/bin/python: can't open file '/opt/***/dags/src/processors/sensor_data_processor.py': [Errno 2] No such file or directory
[2024-08-02T10:36:42.942+0000] {spark_submit.py:579} INFO - 24/08/02 10:36:42 INFO ShutdownHookManager: Shutdown hook called
[2024-08-02T10:36:42.948+0000] {spark_submit.py:579} INFO - 24/08/02 10:36:42 INFO ShutdownHookManager: Deleting directory /tmp/spark-dbded7fd-6c48-47a5-8dae-0433e7d65bc0
[2024-08-02T10:36:43.015+0000] {taskinstance.py:1935} ERROR - Task failed with exception
Traceback (most recent call last):
  File "/home/airflow/.local/lib/python3.8/site-packages/airflow/providers/apache/spark/operators/spark_submit.py", line 174, in execute
    self._hook.submit(self.application)
  File "/home/airflow/.local/lib/python3.8/site-packages/airflow/providers/apache/spark/hooks/spark_submit.py", line 505, in submit
    raise AirflowException(
airflow.exceptions.AirflowException: Cannot execute: spark-submit --master spark://spark-master:7077 --name arrow-spark --verbose --deploy-mode client /opt/***/dags/src/processors/sensor_data_processor.py. Error code is: 2.
[2024-08-02T10:36:43.019+0000] {taskinstance.py:1398} INFO - Marking task as UP_FOR_RETRY. dag_id=sensor_data_pipeline, task_id=spark_streaming_job, execution_date=20240802T103635, start_date=20240802T103638, end_date=20240802T103643
[2024-08-02T10:36:43.045+0000] {standard_task_runner.py:104} ERROR - Failed to execute job 83 for task spark_streaming_job (Cannot execute: spark-submit --master spark://spark-master:7077 --name arrow-spark --verbose --deploy-mode client /opt/***/dags/src/processors/sensor_data_processor.py. Error code is: 2.; 293)
[2024-08-02T10:36:43.095+0000] {local_task_job_runner.py:228} INFO - Task exited with return code 1
[2024-08-02T10:36:43.121+0000] {taskinstance.py:2776} INFO - 0 downstream tasks scheduled from follow-on schedule check
