[2024-08-02T10:41:44.371+0000] {taskinstance.py:1157} INFO - Dependencies all met for dep_context=non-requeueable deps ti=<TaskInstance: sensor_data_pipeline.spark_streaming_job manual__2024-08-02T10:36:35.369319+00:00 [queued]>
[2024-08-02T10:41:44.378+0000] {taskinstance.py:1157} INFO - Dependencies all met for dep_context=requeueable deps ti=<TaskInstance: sensor_data_pipeline.spark_streaming_job manual__2024-08-02T10:36:35.369319+00:00 [queued]>
[2024-08-02T10:41:44.378+0000] {taskinstance.py:1359} INFO - Starting attempt 2 of 2
[2024-08-02T10:41:44.395+0000] {taskinstance.py:1380} INFO - Executing <Task(SparkSubmitOperator): spark_streaming_job> on 2024-08-02 10:36:35.369319+00:00
[2024-08-02T10:41:44.401+0000] {standard_task_runner.py:57} INFO - Started process 470 to run task
[2024-08-02T10:41:44.404+0000] {standard_task_runner.py:84} INFO - Running: ['***', 'tasks', 'run', 'sensor_data_pipeline', 'spark_streaming_job', 'manual__2024-08-02T10:36:35.369319+00:00', '--job-id', '84', '--raw', '--subdir', 'DAGS_FOLDER/sensor_data_pipeline.py', '--cfg-path', '/tmp/tmptoin7q3g']
[2024-08-02T10:41:44.406+0000] {standard_task_runner.py:85} INFO - Job 84: Subtask spark_streaming_job
[2024-08-02T10:41:44.453+0000] {task_command.py:415} INFO - Running <TaskInstance: sensor_data_pipeline.spark_streaming_job manual__2024-08-02T10:36:35.369319+00:00 [running]> on host 446c27ed0464
[2024-08-02T10:41:44.527+0000] {taskinstance.py:1660} INFO - Exporting env vars: AIRFLOW_CTX_DAG_OWNER='***' AIRFLOW_CTX_DAG_ID='sensor_data_pipeline' AIRFLOW_CTX_TASK_ID='spark_streaming_job' AIRFLOW_CTX_EXECUTION_DATE='2024-08-02T10:36:35.369319+00:00' AIRFLOW_CTX_TRY_NUMBER='2' AIRFLOW_CTX_DAG_RUN_ID='manual__2024-08-02T10:36:35.369319+00:00'
[2024-08-02T10:41:44.537+0000] {base.py:73} INFO - Using connection ID 'spark_default' for task execution.
[2024-08-02T10:41:44.538+0000] {spark_submit.py:403} INFO - Spark-Submit cmd: spark-submit --master spark://spark-master:7077 --name arrow-spark --verbose --deploy-mode client /opt/***/dags/src/processors/sensor_data_processor.py
[2024-08-02T10:41:44.670+0000] {spark_submit.py:579} INFO - /home/***/.local/lib/python3.8/site-packages/pyspark/bin/load-spark-env.sh: line 68: ps: command not found
[2024-08-02T10:41:47.476+0000] {spark_submit.py:579} INFO - Using properties file: null
[2024-08-02T10:41:47.632+0000] {spark_submit.py:579} INFO - Parsed arguments:
[2024-08-02T10:41:47.632+0000] {spark_submit.py:579} INFO - master                  spark://spark-master:7077
[2024-08-02T10:41:47.633+0000] {spark_submit.py:579} INFO - deployMode              client
[2024-08-02T10:41:47.633+0000] {spark_submit.py:579} INFO - executorMemory          null
[2024-08-02T10:41:47.633+0000] {spark_submit.py:579} INFO - executorCores           null
[2024-08-02T10:41:47.633+0000] {spark_submit.py:579} INFO - totalExecutorCores      null
[2024-08-02T10:41:47.633+0000] {spark_submit.py:579} INFO - propertiesFile          null
[2024-08-02T10:41:47.633+0000] {spark_submit.py:579} INFO - driverMemory            null
[2024-08-02T10:41:47.633+0000] {spark_submit.py:579} INFO - driverCores             null
[2024-08-02T10:41:47.634+0000] {spark_submit.py:579} INFO - driverExtraClassPath    null
[2024-08-02T10:41:47.634+0000] {spark_submit.py:579} INFO - driverExtraLibraryPath  null
[2024-08-02T10:41:47.634+0000] {spark_submit.py:579} INFO - driverExtraJavaOptions  null
[2024-08-02T10:41:47.635+0000] {spark_submit.py:579} INFO - supervise               false
[2024-08-02T10:41:47.635+0000] {spark_submit.py:579} INFO - queue                   null
[2024-08-02T10:41:47.635+0000] {spark_submit.py:579} INFO - numExecutors            null
[2024-08-02T10:41:47.635+0000] {spark_submit.py:579} INFO - files                   null
[2024-08-02T10:41:47.635+0000] {spark_submit.py:579} INFO - pyFiles                 null
[2024-08-02T10:41:47.636+0000] {spark_submit.py:579} INFO - archives                null
[2024-08-02T10:41:47.636+0000] {spark_submit.py:579} INFO - mainClass               null
[2024-08-02T10:41:47.636+0000] {spark_submit.py:579} INFO - primaryResource         file:/opt/***/dags/src/processors/sensor_data_processor.py
[2024-08-02T10:41:47.636+0000] {spark_submit.py:579} INFO - name                    arrow-spark
[2024-08-02T10:41:47.636+0000] {spark_submit.py:579} INFO - childArgs               []
[2024-08-02T10:41:47.637+0000] {spark_submit.py:579} INFO - jars                    null
[2024-08-02T10:41:47.637+0000] {spark_submit.py:579} INFO - packages                null
[2024-08-02T10:41:47.637+0000] {spark_submit.py:579} INFO - packagesExclusions      null
[2024-08-02T10:41:47.637+0000] {spark_submit.py:579} INFO - repositories            null
[2024-08-02T10:41:47.637+0000] {spark_submit.py:579} INFO - verbose                 true
[2024-08-02T10:41:47.637+0000] {spark_submit.py:579} INFO - 
[2024-08-02T10:41:47.638+0000] {spark_submit.py:579} INFO - Spark properties used, including those specified through
[2024-08-02T10:41:47.639+0000] {spark_submit.py:579} INFO - --conf and those from the properties file null:
[2024-08-02T10:41:47.639+0000] {spark_submit.py:579} INFO - 
[2024-08-02T10:41:47.639+0000] {spark_submit.py:579} INFO - 
[2024-08-02T10:41:47.640+0000] {spark_submit.py:579} INFO - 
[2024-08-02T10:41:48.016+0000] {spark_submit.py:579} INFO - Main class:
[2024-08-02T10:41:48.017+0000] {spark_submit.py:579} INFO - org.apache.spark.deploy.PythonRunner
[2024-08-02T10:41:48.017+0000] {spark_submit.py:579} INFO - Arguments:
[2024-08-02T10:41:48.018+0000] {spark_submit.py:579} INFO - file:/opt/***/dags/src/processors/sensor_data_processor.py
[2024-08-02T10:41:48.018+0000] {spark_submit.py:579} INFO - null
[2024-08-02T10:41:48.022+0000] {spark_submit.py:579} INFO - Spark config:
[2024-08-02T10:41:48.022+0000] {spark_submit.py:579} INFO - (spark.app.name,arrow-spark)
[2024-08-02T10:41:48.022+0000] {spark_submit.py:579} INFO - (spark.app.submitTime,1722595307979)
[2024-08-02T10:41:48.022+0000] {spark_submit.py:579} INFO - (spark.master,spark://spark-master:7077)
[2024-08-02T10:41:48.023+0000] {spark_submit.py:579} INFO - (spark.submit.deployMode,client)
[2024-08-02T10:41:48.023+0000] {spark_submit.py:579} INFO - (spark.submit.pyFiles,)
[2024-08-02T10:41:48.023+0000] {spark_submit.py:579} INFO - Classpath elements:
[2024-08-02T10:41:48.023+0000] {spark_submit.py:579} INFO - 
[2024-08-02T10:41:48.024+0000] {spark_submit.py:579} INFO - 
[2024-08-02T10:41:48.024+0000] {spark_submit.py:579} INFO - 
[2024-08-02T10:41:48.271+0000] {spark_submit.py:579} INFO - /usr/local/bin/python: can't open file '/opt/***/dags/src/processors/sensor_data_processor.py': [Errno 2] No such file or directory
[2024-08-02T10:41:48.306+0000] {spark_submit.py:579} INFO - 24/08/02 10:41:48 INFO ShutdownHookManager: Shutdown hook called
[2024-08-02T10:41:48.315+0000] {spark_submit.py:579} INFO - 24/08/02 10:41:48 INFO ShutdownHookManager: Deleting directory /tmp/spark-7cffffd4-dcb3-4125-9de6-51e1510c475f
[2024-08-02T10:41:48.403+0000] {taskinstance.py:1935} ERROR - Task failed with exception
Traceback (most recent call last):
  File "/home/airflow/.local/lib/python3.8/site-packages/airflow/providers/apache/spark/operators/spark_submit.py", line 174, in execute
    self._hook.submit(self.application)
  File "/home/airflow/.local/lib/python3.8/site-packages/airflow/providers/apache/spark/hooks/spark_submit.py", line 505, in submit
    raise AirflowException(
airflow.exceptions.AirflowException: Cannot execute: spark-submit --master spark://spark-master:7077 --name arrow-spark --verbose --deploy-mode client /opt/***/dags/src/processors/sensor_data_processor.py. Error code is: 2.
[2024-08-02T10:41:48.411+0000] {taskinstance.py:1398} INFO - Marking task as FAILED. dag_id=sensor_data_pipeline, task_id=spark_streaming_job, execution_date=20240802T103635, start_date=20240802T104144, end_date=20240802T104148
[2024-08-02T10:41:48.437+0000] {standard_task_runner.py:104} ERROR - Failed to execute job 84 for task spark_streaming_job (Cannot execute: spark-submit --master spark://spark-master:7077 --name arrow-spark --verbose --deploy-mode client /opt/***/dags/src/processors/sensor_data_processor.py. Error code is: 2.; 470)
[2024-08-02T10:41:48.460+0000] {local_task_job_runner.py:228} INFO - Task exited with return code 1
[2024-08-02T10:41:48.476+0000] {taskinstance.py:2776} INFO - 0 downstream tasks scheduled from follow-on schedule check
