[2024-08-02T12:37:51.304+0000] {taskinstance.py:1157} INFO - Dependencies all met for dep_context=non-requeueable deps ti=<TaskInstance: sensor_data_pipeline.process_data_with_spark manual__2024-08-02T12:37:47.740068+00:00 [queued]>
[2024-08-02T12:37:51.326+0000] {taskinstance.py:1157} INFO - Dependencies all met for dep_context=requeueable deps ti=<TaskInstance: sensor_data_pipeline.process_data_with_spark manual__2024-08-02T12:37:47.740068+00:00 [queued]>
[2024-08-02T12:37:51.327+0000] {taskinstance.py:1359} INFO - Starting attempt 1 of 2
[2024-08-02T12:37:51.354+0000] {taskinstance.py:1380} INFO - Executing <Task(SparkSubmitOperator): process_data_with_spark> on 2024-08-02 12:37:47.740068+00:00
[2024-08-02T12:37:51.362+0000] {standard_task_runner.py:57} INFO - Started process 356 to run task
[2024-08-02T12:37:51.367+0000] {standard_task_runner.py:84} INFO - Running: ['***', 'tasks', 'run', 'sensor_data_pipeline', 'process_data_with_spark', 'manual__2024-08-02T12:37:47.740068+00:00', '--job-id', '130', '--raw', '--subdir', 'DAGS_FOLDER/sensor_data_pipeline_dag.py', '--cfg-path', '/tmp/tmpbkd77kc9']
[2024-08-02T12:37:51.370+0000] {standard_task_runner.py:85} INFO - Job 130: Subtask process_data_with_spark
[2024-08-02T12:37:51.442+0000] {task_command.py:415} INFO - Running <TaskInstance: sensor_data_pipeline.process_data_with_spark manual__2024-08-02T12:37:47.740068+00:00 [running]> on host 8ded6b713b13
[2024-08-02T12:37:51.585+0000] {taskinstance.py:1660} INFO - Exporting env vars: AIRFLOW_CTX_DAG_OWNER='***' AIRFLOW_CTX_DAG_ID='sensor_data_pipeline' AIRFLOW_CTX_TASK_ID='process_data_with_spark' AIRFLOW_CTX_EXECUTION_DATE='2024-08-02T12:37:47.740068+00:00' AIRFLOW_CTX_TRY_NUMBER='1' AIRFLOW_CTX_DAG_RUN_ID='manual__2024-08-02T12:37:47.740068+00:00'
[2024-08-02T12:37:51.600+0000] {base.py:73} INFO - Using connection ID 'spark_default' for task execution.
[2024-08-02T12:37:51.601+0000] {spark_submit.py:403} INFO - Spark-Submit cmd: spark-submit --master spark://spark-master:7077 --name arrow-spark --deploy-mode client /opt/***/dags/src/process_data.py
[2024-08-02T12:37:51.848+0000] {spark_submit.py:579} INFO - /home/***/.local/lib/python3.8/site-packages/pyspark/bin/load-spark-env.sh: line 68: ps: command not found
[2024-08-02T12:38:00.618+0000] {spark_submit.py:579} INFO - /usr/local/bin/python: can't open file '/opt/***/dags/src/process_data.py': [Errno 2] No such file or directory
[2024-08-02T12:38:00.643+0000] {spark_submit.py:579} INFO - 24/08/02 12:38:00 INFO ShutdownHookManager: Shutdown hook called
[2024-08-02T12:38:00.647+0000] {spark_submit.py:579} INFO - 24/08/02 12:38:00 INFO ShutdownHookManager: Deleting directory /tmp/spark-701ccc28-a1fe-4ccd-91fb-1a00f891396f
[2024-08-02T12:38:00.720+0000] {taskinstance.py:1935} ERROR - Task failed with exception
Traceback (most recent call last):
  File "/home/airflow/.local/lib/python3.8/site-packages/airflow/providers/apache/spark/operators/spark_submit.py", line 174, in execute
    self._hook.submit(self.application)
  File "/home/airflow/.local/lib/python3.8/site-packages/airflow/providers/apache/spark/hooks/spark_submit.py", line 505, in submit
    raise AirflowException(
airflow.exceptions.AirflowException: Cannot execute: spark-submit --master spark://spark-master:7077 --name arrow-spark --deploy-mode client /opt/***/dags/src/process_data.py. Error code is: 2.
[2024-08-02T12:38:00.733+0000] {taskinstance.py:1398} INFO - Marking task as UP_FOR_RETRY. dag_id=sensor_data_pipeline, task_id=process_data_with_spark, execution_date=20240802T123747, start_date=20240802T123751, end_date=20240802T123800
[2024-08-02T12:38:00.759+0000] {standard_task_runner.py:104} ERROR - Failed to execute job 130 for task process_data_with_spark (Cannot execute: spark-submit --master spark://spark-master:7077 --name arrow-spark --deploy-mode client /opt/***/dags/src/process_data.py. Error code is: 2.; 356)
[2024-08-02T12:38:00.791+0000] {local_task_job_runner.py:228} INFO - Task exited with return code 1
[2024-08-02T12:38:00.807+0000] {taskinstance.py:2776} INFO - 0 downstream tasks scheduled from follow-on schedule check
