[2024-08-02T10:23:15.638+0000] {taskinstance.py:1157} INFO - Dependencies all met for dep_context=non-requeueable deps ti=<TaskInstance: sensor_data_pipeline.spark_streaming_job manual__2024-08-02T10:23:13.283993+00:00 [queued]>
[2024-08-02T10:23:15.647+0000] {taskinstance.py:1157} INFO - Dependencies all met for dep_context=requeueable deps ti=<TaskInstance: sensor_data_pipeline.spark_streaming_job manual__2024-08-02T10:23:13.283993+00:00 [queued]>
[2024-08-02T10:23:15.648+0000] {taskinstance.py:1359} INFO - Starting attempt 1 of 2
[2024-08-02T10:23:15.666+0000] {taskinstance.py:1380} INFO - Executing <Task(SparkSubmitOperator): spark_streaming_job> on 2024-08-02 10:23:13.283993+00:00
[2024-08-02T10:23:15.671+0000] {standard_task_runner.py:57} INFO - Started process 682 to run task
[2024-08-02T10:23:15.674+0000] {standard_task_runner.py:84} INFO - Running: ['***', 'tasks', 'run', 'sensor_data_pipeline', 'spark_streaming_job', 'manual__2024-08-02T10:23:13.283993+00:00', '--job-id', '44', '--raw', '--subdir', 'DAGS_FOLDER/sensor_data_pipeline.py', '--cfg-path', '/tmp/tmp1dz0flzt']
[2024-08-02T10:23:15.677+0000] {standard_task_runner.py:85} INFO - Job 44: Subtask spark_streaming_job
[2024-08-02T10:23:15.747+0000] {task_command.py:415} INFO - Running <TaskInstance: sensor_data_pipeline.spark_streaming_job manual__2024-08-02T10:23:13.283993+00:00 [running]> on host 2198335290f9
[2024-08-02T10:23:15.907+0000] {taskinstance.py:1660} INFO - Exporting env vars: AIRFLOW_CTX_DAG_OWNER='***' AIRFLOW_CTX_DAG_ID='sensor_data_pipeline' AIRFLOW_CTX_TASK_ID='spark_streaming_job' AIRFLOW_CTX_EXECUTION_DATE='2024-08-02T10:23:13.283993+00:00' AIRFLOW_CTX_TRY_NUMBER='1' AIRFLOW_CTX_DAG_RUN_ID='manual__2024-08-02T10:23:13.283993+00:00'
[2024-08-02T10:23:15.922+0000] {base.py:73} INFO - Using connection ID 'spark_default' for task execution.
[2024-08-02T10:23:15.924+0000] {spark_submit.py:403} INFO - Spark-Submit cmd: spark-submit --master spark://spark-master:7077 --name arrow-spark --verbose --deploy-mode client /opt/***/dags/src/processors/sensor_data_processor.py
[2024-08-02T10:23:16.080+0000] {spark_submit.py:579} INFO - /home/***/.local/lib/python3.8/site-packages/pyspark/bin/load-spark-env.sh: line 68: ps: command not found
[2024-08-02T10:23:17.785+0000] {spark_submit.py:579} INFO - Using properties file: null
[2024-08-02T10:23:17.962+0000] {spark_submit.py:579} INFO - Parsed arguments:
[2024-08-02T10:23:17.963+0000] {spark_submit.py:579} INFO - master                  spark://spark-master:7077
[2024-08-02T10:23:17.963+0000] {spark_submit.py:579} INFO - deployMode              client
[2024-08-02T10:23:17.964+0000] {spark_submit.py:579} INFO - executorMemory          null
[2024-08-02T10:23:17.964+0000] {spark_submit.py:579} INFO - executorCores           null
[2024-08-02T10:23:17.965+0000] {spark_submit.py:579} INFO - totalExecutorCores      null
[2024-08-02T10:23:17.965+0000] {spark_submit.py:579} INFO - propertiesFile          null
[2024-08-02T10:23:17.966+0000] {spark_submit.py:579} INFO - driverMemory            null
[2024-08-02T10:23:17.966+0000] {spark_submit.py:579} INFO - driverCores             null
[2024-08-02T10:23:17.966+0000] {spark_submit.py:579} INFO - driverExtraClassPath    null
[2024-08-02T10:23:17.967+0000] {spark_submit.py:579} INFO - driverExtraLibraryPath  null
[2024-08-02T10:23:17.967+0000] {spark_submit.py:579} INFO - driverExtraJavaOptions  null
[2024-08-02T10:23:17.968+0000] {spark_submit.py:579} INFO - supervise               false
[2024-08-02T10:23:17.968+0000] {spark_submit.py:579} INFO - queue                   null
[2024-08-02T10:23:17.968+0000] {spark_submit.py:579} INFO - numExecutors            null
[2024-08-02T10:23:17.969+0000] {spark_submit.py:579} INFO - files                   null
[2024-08-02T10:23:17.969+0000] {spark_submit.py:579} INFO - pyFiles                 null
[2024-08-02T10:23:17.969+0000] {spark_submit.py:579} INFO - archives                null
[2024-08-02T10:23:17.970+0000] {spark_submit.py:579} INFO - mainClass               null
[2024-08-02T10:23:17.970+0000] {spark_submit.py:579} INFO - primaryResource         file:/opt/***/dags/src/processors/sensor_data_processor.py
[2024-08-02T10:23:17.971+0000] {spark_submit.py:579} INFO - name                    arrow-spark
[2024-08-02T10:23:17.971+0000] {spark_submit.py:579} INFO - childArgs               []
[2024-08-02T10:23:17.971+0000] {spark_submit.py:579} INFO - jars                    null
[2024-08-02T10:23:17.972+0000] {spark_submit.py:579} INFO - packages                null
[2024-08-02T10:23:17.972+0000] {spark_submit.py:579} INFO - packagesExclusions      null
[2024-08-02T10:23:17.972+0000] {spark_submit.py:579} INFO - repositories            null
[2024-08-02T10:23:17.973+0000] {spark_submit.py:579} INFO - verbose                 true
[2024-08-02T10:23:17.973+0000] {spark_submit.py:579} INFO - 
[2024-08-02T10:23:17.974+0000] {spark_submit.py:579} INFO - Spark properties used, including those specified through
[2024-08-02T10:23:17.974+0000] {spark_submit.py:579} INFO - --conf and those from the properties file null:
[2024-08-02T10:23:17.974+0000] {spark_submit.py:579} INFO - 
[2024-08-02T10:23:17.975+0000] {spark_submit.py:579} INFO - 
[2024-08-02T10:23:17.977+0000] {spark_submit.py:579} INFO - 
[2024-08-02T10:23:18.424+0000] {spark_submit.py:579} INFO - Main class:
[2024-08-02T10:23:18.425+0000] {spark_submit.py:579} INFO - org.apache.spark.deploy.PythonRunner
[2024-08-02T10:23:18.425+0000] {spark_submit.py:579} INFO - Arguments:
[2024-08-02T10:23:18.426+0000] {spark_submit.py:579} INFO - file:/opt/***/dags/src/processors/sensor_data_processor.py
[2024-08-02T10:23:18.427+0000] {spark_submit.py:579} INFO - null
[2024-08-02T10:23:18.441+0000] {spark_submit.py:579} INFO - Spark config:
[2024-08-02T10:23:18.442+0000] {spark_submit.py:579} INFO - (spark.app.name,arrow-spark)
[2024-08-02T10:23:18.442+0000] {spark_submit.py:579} INFO - (spark.app.submitTime,1722594198393)
[2024-08-02T10:23:18.442+0000] {spark_submit.py:579} INFO - (spark.master,spark://spark-master:7077)
[2024-08-02T10:23:18.443+0000] {spark_submit.py:579} INFO - (spark.submit.deployMode,client)
[2024-08-02T10:23:18.443+0000] {spark_submit.py:579} INFO - (spark.submit.pyFiles,)
[2024-08-02T10:23:18.444+0000] {spark_submit.py:579} INFO - Classpath elements:
[2024-08-02T10:23:18.444+0000] {spark_submit.py:579} INFO - 
[2024-08-02T10:23:18.445+0000] {spark_submit.py:579} INFO - 
[2024-08-02T10:23:18.445+0000] {spark_submit.py:579} INFO - 
[2024-08-02T10:23:19.207+0000] {spark_submit.py:579} INFO - Traceback (most recent call last):
[2024-08-02T10:23:19.207+0000] {spark_submit.py:579} INFO - File "/opt/***/dags/src/processors/sensor_data_processor.py", line 74, in <module>
[2024-08-02T10:23:19.208+0000] {spark_submit.py:579} INFO - config = load_config()
[2024-08-02T10:23:19.208+0000] {spark_submit.py:579} INFO - File "/opt/***/dags/src/processors/sensor_data_processor.py", line 10, in load_config
[2024-08-02T10:23:19.209+0000] {spark_submit.py:579} INFO - with open('config/config.yml', 'r') as file:
[2024-08-02T10:23:19.209+0000] {spark_submit.py:579} INFO - FileNotFoundError: [Errno 2] No such file or directory: 'config/config.yml'
[2024-08-02T10:23:19.243+0000] {spark_submit.py:579} INFO - 24/08/02 10:23:19 INFO ShutdownHookManager: Shutdown hook called
[2024-08-02T10:23:19.245+0000] {spark_submit.py:579} INFO - 24/08/02 10:23:19 INFO ShutdownHookManager: Deleting directory /tmp/spark-ef8a75d6-5d3b-4066-b04f-404eca811d7f
[2024-08-02T10:23:19.277+0000] {taskinstance.py:1935} ERROR - Task failed with exception
Traceback (most recent call last):
  File "/home/airflow/.local/lib/python3.8/site-packages/airflow/providers/apache/spark/operators/spark_submit.py", line 174, in execute
    self._hook.submit(self.application)
  File "/home/airflow/.local/lib/python3.8/site-packages/airflow/providers/apache/spark/hooks/spark_submit.py", line 505, in submit
    raise AirflowException(
airflow.exceptions.AirflowException: Cannot execute: spark-submit --master spark://spark-master:7077 --name arrow-spark --verbose --deploy-mode client /opt/***/dags/src/processors/sensor_data_processor.py. Error code is: 1.
[2024-08-02T10:23:19.280+0000] {taskinstance.py:1398} INFO - Marking task as UP_FOR_RETRY. dag_id=sensor_data_pipeline, task_id=spark_streaming_job, execution_date=20240802T102313, start_date=20240802T102315, end_date=20240802T102319
[2024-08-02T10:23:19.297+0000] {standard_task_runner.py:104} ERROR - Failed to execute job 44 for task spark_streaming_job (Cannot execute: spark-submit --master spark://spark-master:7077 --name arrow-spark --verbose --deploy-mode client /opt/***/dags/src/processors/sensor_data_processor.py. Error code is: 1.; 682)
[2024-08-02T10:23:19.333+0000] {local_task_job_runner.py:228} INFO - Task exited with return code 1
[2024-08-02T10:23:19.346+0000] {taskinstance.py:2776} INFO - 0 downstream tasks scheduled from follow-on schedule check
