[2024-08-02T10:26:40.542+0000] {taskinstance.py:1157} INFO - Dependencies all met for dep_context=non-requeueable deps ti=<TaskInstance: sensor_data_pipeline.spark_streaming_job manual__2024-08-02T10:21:32.710778+00:00 [queued]>
[2024-08-02T10:26:40.548+0000] {taskinstance.py:1157} INFO - Dependencies all met for dep_context=requeueable deps ti=<TaskInstance: sensor_data_pipeline.spark_streaming_job manual__2024-08-02T10:21:32.710778+00:00 [queued]>
[2024-08-02T10:26:40.549+0000] {taskinstance.py:1359} INFO - Starting attempt 2 of 2
[2024-08-02T10:26:40.566+0000] {taskinstance.py:1380} INFO - Executing <Task(SparkSubmitOperator): spark_streaming_job> on 2024-08-02 10:21:32.710778+00:00
[2024-08-02T10:26:40.572+0000] {standard_task_runner.py:57} INFO - Started process 823 to run task
[2024-08-02T10:26:40.575+0000] {standard_task_runner.py:84} INFO - Running: ['***', 'tasks', 'run', 'sensor_data_pipeline', 'spark_streaming_job', 'manual__2024-08-02T10:21:32.710778+00:00', '--job-id', '45', '--raw', '--subdir', 'DAGS_FOLDER/sensor_data_pipeline.py', '--cfg-path', '/tmp/tmpcbjjiqk5']
[2024-08-02T10:26:40.576+0000] {standard_task_runner.py:85} INFO - Job 45: Subtask spark_streaming_job
[2024-08-02T10:26:40.620+0000] {task_command.py:415} INFO - Running <TaskInstance: sensor_data_pipeline.spark_streaming_job manual__2024-08-02T10:21:32.710778+00:00 [running]> on host 2198335290f9
[2024-08-02T10:26:40.687+0000] {taskinstance.py:1660} INFO - Exporting env vars: AIRFLOW_CTX_DAG_OWNER='***' AIRFLOW_CTX_DAG_ID='sensor_data_pipeline' AIRFLOW_CTX_TASK_ID='spark_streaming_job' AIRFLOW_CTX_EXECUTION_DATE='2024-08-02T10:21:32.710778+00:00' AIRFLOW_CTX_TRY_NUMBER='2' AIRFLOW_CTX_DAG_RUN_ID='manual__2024-08-02T10:21:32.710778+00:00'
[2024-08-02T10:26:40.695+0000] {base.py:73} INFO - Using connection ID 'spark_default' for task execution.
[2024-08-02T10:26:40.696+0000] {spark_submit.py:403} INFO - Spark-Submit cmd: spark-submit --master spark://spark-master:7077 --name arrow-spark --verbose --deploy-mode client /opt/***/dags/src/processors/sensor_data_processor.py
[2024-08-02T10:26:40.853+0000] {spark_submit.py:579} INFO - /home/***/.local/lib/python3.8/site-packages/pyspark/bin/load-spark-env.sh: line 68: ps: command not found
[2024-08-02T10:26:42.639+0000] {spark_submit.py:579} INFO - Using properties file: null
[2024-08-02T10:26:42.779+0000] {spark_submit.py:579} INFO - Parsed arguments:
[2024-08-02T10:26:42.780+0000] {spark_submit.py:579} INFO - master                  spark://spark-master:7077
[2024-08-02T10:26:42.780+0000] {spark_submit.py:579} INFO - deployMode              client
[2024-08-02T10:26:42.780+0000] {spark_submit.py:579} INFO - executorMemory          null
[2024-08-02T10:26:42.781+0000] {spark_submit.py:579} INFO - executorCores           null
[2024-08-02T10:26:42.781+0000] {spark_submit.py:579} INFO - totalExecutorCores      null
[2024-08-02T10:26:42.781+0000] {spark_submit.py:579} INFO - propertiesFile          null
[2024-08-02T10:26:42.782+0000] {spark_submit.py:579} INFO - driverMemory            null
[2024-08-02T10:26:42.782+0000] {spark_submit.py:579} INFO - driverCores             null
[2024-08-02T10:26:42.783+0000] {spark_submit.py:579} INFO - driverExtraClassPath    null
[2024-08-02T10:26:42.783+0000] {spark_submit.py:579} INFO - driverExtraLibraryPath  null
[2024-08-02T10:26:42.783+0000] {spark_submit.py:579} INFO - driverExtraJavaOptions  null
[2024-08-02T10:26:42.784+0000] {spark_submit.py:579} INFO - supervise               false
[2024-08-02T10:26:42.784+0000] {spark_submit.py:579} INFO - queue                   null
[2024-08-02T10:26:42.785+0000] {spark_submit.py:579} INFO - numExecutors            null
[2024-08-02T10:26:42.785+0000] {spark_submit.py:579} INFO - files                   null
[2024-08-02T10:26:42.785+0000] {spark_submit.py:579} INFO - pyFiles                 null
[2024-08-02T10:26:42.786+0000] {spark_submit.py:579} INFO - archives                null
[2024-08-02T10:26:42.786+0000] {spark_submit.py:579} INFO - mainClass               null
[2024-08-02T10:26:42.787+0000] {spark_submit.py:579} INFO - primaryResource         file:/opt/***/dags/src/processors/sensor_data_processor.py
[2024-08-02T10:26:42.787+0000] {spark_submit.py:579} INFO - name                    arrow-spark
[2024-08-02T10:26:42.787+0000] {spark_submit.py:579} INFO - childArgs               []
[2024-08-02T10:26:42.788+0000] {spark_submit.py:579} INFO - jars                    null
[2024-08-02T10:26:42.788+0000] {spark_submit.py:579} INFO - packages                null
[2024-08-02T10:26:42.789+0000] {spark_submit.py:579} INFO - packagesExclusions      null
[2024-08-02T10:26:42.789+0000] {spark_submit.py:579} INFO - repositories            null
[2024-08-02T10:26:42.789+0000] {spark_submit.py:579} INFO - verbose                 true
[2024-08-02T10:26:42.790+0000] {spark_submit.py:579} INFO - 
[2024-08-02T10:26:42.790+0000] {spark_submit.py:579} INFO - Spark properties used, including those specified through
[2024-08-02T10:26:42.791+0000] {spark_submit.py:579} INFO - --conf and those from the properties file null:
[2024-08-02T10:26:42.791+0000] {spark_submit.py:579} INFO - 
[2024-08-02T10:26:42.791+0000] {spark_submit.py:579} INFO - 
[2024-08-02T10:26:42.792+0000] {spark_submit.py:579} INFO - 
[2024-08-02T10:26:43.180+0000] {spark_submit.py:579} INFO - Main class:
[2024-08-02T10:26:43.183+0000] {spark_submit.py:579} INFO - org.apache.spark.deploy.PythonRunner
[2024-08-02T10:26:43.184+0000] {spark_submit.py:579} INFO - Arguments:
[2024-08-02T10:26:43.184+0000] {spark_submit.py:579} INFO - file:/opt/***/dags/src/processors/sensor_data_processor.py
[2024-08-02T10:26:43.185+0000] {spark_submit.py:579} INFO - null
[2024-08-02T10:26:43.191+0000] {spark_submit.py:579} INFO - Spark config:
[2024-08-02T10:26:43.191+0000] {spark_submit.py:579} INFO - (spark.app.name,arrow-spark)
[2024-08-02T10:26:43.192+0000] {spark_submit.py:579} INFO - (spark.app.submitTime,1722594403155)
[2024-08-02T10:26:43.192+0000] {spark_submit.py:579} INFO - (spark.master,spark://spark-master:7077)
[2024-08-02T10:26:43.193+0000] {spark_submit.py:579} INFO - (spark.submit.deployMode,client)
[2024-08-02T10:26:43.193+0000] {spark_submit.py:579} INFO - (spark.submit.pyFiles,)
[2024-08-02T10:26:43.194+0000] {spark_submit.py:579} INFO - Classpath elements:
[2024-08-02T10:26:43.194+0000] {spark_submit.py:579} INFO - 
[2024-08-02T10:26:43.195+0000] {spark_submit.py:579} INFO - 
[2024-08-02T10:26:43.196+0000] {spark_submit.py:579} INFO - 
[2024-08-02T10:26:44.006+0000] {spark_submit.py:579} INFO - Traceback (most recent call last):
[2024-08-02T10:26:44.007+0000] {spark_submit.py:579} INFO - File "/opt/***/dags/src/processors/sensor_data_processor.py", line 74, in <module>
[2024-08-02T10:26:44.007+0000] {spark_submit.py:579} INFO - config = load_config()
[2024-08-02T10:26:44.007+0000] {spark_submit.py:579} INFO - File "/opt/***/dags/src/processors/sensor_data_processor.py", line 10, in load_config
[2024-08-02T10:26:44.007+0000] {spark_submit.py:579} INFO - with open('config/config.yml', 'r') as file:
[2024-08-02T10:26:44.007+0000] {spark_submit.py:579} INFO - FileNotFoundError: [Errno 2] No such file or directory: 'config/config.yml'
[2024-08-02T10:26:44.052+0000] {spark_submit.py:579} INFO - 24/08/02 10:26:44 INFO ShutdownHookManager: Shutdown hook called
[2024-08-02T10:26:44.055+0000] {spark_submit.py:579} INFO - 24/08/02 10:26:44 INFO ShutdownHookManager: Deleting directory /tmp/spark-e3bba124-e855-46fa-88d4-88442f96aacd
[2024-08-02T10:26:44.100+0000] {taskinstance.py:1935} ERROR - Task failed with exception
Traceback (most recent call last):
  File "/home/airflow/.local/lib/python3.8/site-packages/airflow/providers/apache/spark/operators/spark_submit.py", line 174, in execute
    self._hook.submit(self.application)
  File "/home/airflow/.local/lib/python3.8/site-packages/airflow/providers/apache/spark/hooks/spark_submit.py", line 505, in submit
    raise AirflowException(
airflow.exceptions.AirflowException: Cannot execute: spark-submit --master spark://spark-master:7077 --name arrow-spark --verbose --deploy-mode client /opt/***/dags/src/processors/sensor_data_processor.py. Error code is: 1.
[2024-08-02T10:26:44.103+0000] {taskinstance.py:1398} INFO - Marking task as FAILED. dag_id=sensor_data_pipeline, task_id=spark_streaming_job, execution_date=20240802T102132, start_date=20240802T102640, end_date=20240802T102644
[2024-08-02T10:26:44.120+0000] {standard_task_runner.py:104} ERROR - Failed to execute job 45 for task spark_streaming_job (Cannot execute: spark-submit --master spark://spark-master:7077 --name arrow-spark --verbose --deploy-mode client /opt/***/dags/src/processors/sensor_data_processor.py. Error code is: 1.; 823)
[2024-08-02T10:26:44.151+0000] {local_task_job_runner.py:228} INFO - Task exited with return code 1
[2024-08-02T10:26:44.164+0000] {taskinstance.py:2776} INFO - 0 downstream tasks scheduled from follow-on schedule check
