[2024-08-03T06:10:35.937+0000] {processor.py:157} INFO - Started process (PID=170) to work on /opt/airflow/dags/sensor_data_pipeline_dag.py
[2024-08-03T06:10:35.938+0000] {processor.py:829} INFO - Processing file /opt/airflow/dags/sensor_data_pipeline_dag.py for tasks to queue
[2024-08-03T06:10:35.949+0000] {logging_mixin.py:151} INFO - [2024-08-03T06:10:35.949+0000] {dagbag.py:539} INFO - Filling up the DagBag from /opt/airflow/dags/sensor_data_pipeline_dag.py
[2024-08-03T06:10:35.962+0000] {processor.py:839} INFO - DAG(s) dict_keys(['sensor_data_pipeline']) retrieved from /opt/airflow/dags/sensor_data_pipeline_dag.py
[2024-08-03T06:10:36.014+0000] {logging_mixin.py:151} INFO - [2024-08-03T06:10:36.014+0000] {dag.py:2915} INFO - Sync 1 DAGs
[2024-08-03T06:10:36.043+0000] {logging_mixin.py:151} INFO - [2024-08-03T06:10:36.043+0000] {dag.py:3696} INFO - Setting next_dagrun for sensor_data_pipeline to 2024-08-03T00:00:00+00:00, run_after=2024-08-04T00:00:00+00:00
[2024-08-03T06:10:36.069+0000] {processor.py:179} INFO - Processing /opt/airflow/dags/sensor_data_pipeline_dag.py took 0.134 seconds
[2024-08-03T06:11:26.381+0000] {processor.py:157} INFO - Started process (PID=174) to work on /opt/airflow/dags/sensor_data_pipeline_dag.py
[2024-08-03T06:11:26.382+0000] {processor.py:829} INFO - Processing file /opt/airflow/dags/sensor_data_pipeline_dag.py for tasks to queue
[2024-08-03T06:11:26.385+0000] {logging_mixin.py:151} INFO - [2024-08-03T06:11:26.385+0000] {dagbag.py:539} INFO - Filling up the DagBag from /opt/airflow/dags/sensor_data_pipeline_dag.py
[2024-08-03T06:11:26.406+0000] {processor.py:839} INFO - DAG(s) dict_keys(['sensor_data_pipeline']) retrieved from /opt/airflow/dags/sensor_data_pipeline_dag.py
[2024-08-03T06:11:26.452+0000] {logging_mixin.py:151} INFO - [2024-08-03T06:11:26.452+0000] {dag.py:2915} INFO - Sync 1 DAGs
[2024-08-03T06:11:26.477+0000] {logging_mixin.py:151} INFO - [2024-08-03T06:11:26.477+0000] {dag.py:3696} INFO - Setting next_dagrun for sensor_data_pipeline to 2024-08-03T00:00:00+00:00, run_after=2024-08-04T00:00:00+00:00
[2024-08-03T06:11:26.504+0000] {processor.py:179} INFO - Processing /opt/airflow/dags/sensor_data_pipeline_dag.py took 0.126 seconds
[2024-08-03T06:11:56.609+0000] {processor.py:157} INFO - Started process (PID=311) to work on /opt/airflow/dags/sensor_data_pipeline_dag.py
[2024-08-03T06:11:56.610+0000] {processor.py:829} INFO - Processing file /opt/airflow/dags/sensor_data_pipeline_dag.py for tasks to queue
[2024-08-03T06:11:56.611+0000] {logging_mixin.py:151} INFO - [2024-08-03T06:11:56.611+0000] {dagbag.py:539} INFO - Filling up the DagBag from /opt/airflow/dags/sensor_data_pipeline_dag.py
[2024-08-03T06:11:56.619+0000] {processor.py:839} INFO - DAG(s) dict_keys(['sensor_data_pipeline']) retrieved from /opt/airflow/dags/sensor_data_pipeline_dag.py
[2024-08-03T06:11:56.639+0000] {logging_mixin.py:151} INFO - [2024-08-03T06:11:56.638+0000] {dag.py:2915} INFO - Sync 1 DAGs
[2024-08-03T06:11:56.656+0000] {logging_mixin.py:151} INFO - [2024-08-03T06:11:56.655+0000] {dag.py:3696} INFO - Setting next_dagrun for sensor_data_pipeline to 2024-08-03T00:00:00+00:00, run_after=2024-08-04T00:00:00+00:00
[2024-08-03T06:11:56.674+0000] {processor.py:179} INFO - Processing /opt/airflow/dags/sensor_data_pipeline_dag.py took 0.068 seconds
[2024-08-03T06:12:26.723+0000] {processor.py:157} INFO - Started process (PID=323) to work on /opt/airflow/dags/sensor_data_pipeline_dag.py
[2024-08-03T06:12:26.724+0000] {processor.py:829} INFO - Processing file /opt/airflow/dags/sensor_data_pipeline_dag.py for tasks to queue
[2024-08-03T06:12:26.725+0000] {logging_mixin.py:151} INFO - [2024-08-03T06:12:26.725+0000] {dagbag.py:539} INFO - Filling up the DagBag from /opt/airflow/dags/sensor_data_pipeline_dag.py
[2024-08-03T06:12:26.733+0000] {processor.py:839} INFO - DAG(s) dict_keys(['sensor_data_pipeline']) retrieved from /opt/airflow/dags/sensor_data_pipeline_dag.py
[2024-08-03T06:12:26.754+0000] {logging_mixin.py:151} INFO - [2024-08-03T06:12:26.754+0000] {dag.py:2915} INFO - Sync 1 DAGs
[2024-08-03T06:12:26.770+0000] {logging_mixin.py:151} INFO - [2024-08-03T06:12:26.770+0000] {dag.py:3696} INFO - Setting next_dagrun for sensor_data_pipeline to 2024-08-03T00:00:00+00:00, run_after=2024-08-04T00:00:00+00:00
[2024-08-03T06:12:26.789+0000] {processor.py:179} INFO - Processing /opt/airflow/dags/sensor_data_pipeline_dag.py took 0.068 seconds
[2024-08-03T06:12:56.869+0000] {processor.py:157} INFO - Started process (PID=335) to work on /opt/airflow/dags/sensor_data_pipeline_dag.py
[2024-08-03T06:12:56.869+0000] {processor.py:829} INFO - Processing file /opt/airflow/dags/sensor_data_pipeline_dag.py for tasks to queue
[2024-08-03T06:12:56.871+0000] {logging_mixin.py:151} INFO - [2024-08-03T06:12:56.870+0000] {dagbag.py:539} INFO - Filling up the DagBag from /opt/airflow/dags/sensor_data_pipeline_dag.py
[2024-08-03T06:12:56.879+0000] {processor.py:839} INFO - DAG(s) dict_keys(['sensor_data_pipeline']) retrieved from /opt/airflow/dags/sensor_data_pipeline_dag.py
[2024-08-03T06:12:56.899+0000] {logging_mixin.py:151} INFO - [2024-08-03T06:12:56.899+0000] {dag.py:2915} INFO - Sync 1 DAGs
[2024-08-03T06:12:56.915+0000] {logging_mixin.py:151} INFO - [2024-08-03T06:12:56.915+0000] {dag.py:3696} INFO - Setting next_dagrun for sensor_data_pipeline to 2024-08-03T00:00:00+00:00, run_after=2024-08-04T00:00:00+00:00
[2024-08-03T06:12:56.934+0000] {processor.py:179} INFO - Processing /opt/airflow/dags/sensor_data_pipeline_dag.py took 0.068 seconds
