[2024-08-02T09:51:45.225+0000] {taskinstance.py:1157} INFO - Dependencies all met for dep_context=non-requeueable deps ti=<TaskInstance: sensor_data_pipeline.spark_streaming_job manual__2024-08-02T09:46:37.785298+00:00 [queued]>
[2024-08-02T09:51:45.232+0000] {taskinstance.py:1157} INFO - Dependencies all met for dep_context=requeueable deps ti=<TaskInstance: sensor_data_pipeline.spark_streaming_job manual__2024-08-02T09:46:37.785298+00:00 [queued]>
[2024-08-02T09:51:45.232+0000] {taskinstance.py:1359} INFO - Starting attempt 2 of 2
[2024-08-02T09:51:45.249+0000] {taskinstance.py:1380} INFO - Executing <Task(SparkSubmitOperator): spark_streaming_job> on 2024-08-02 09:46:37.785298+00:00
[2024-08-02T09:51:45.255+0000] {standard_task_runner.py:57} INFO - Started process 753 to run task
[2024-08-02T09:51:45.257+0000] {standard_task_runner.py:84} INFO - Running: ['***', 'tasks', 'run', 'sensor_data_pipeline', 'spark_streaming_job', 'manual__2024-08-02T09:46:37.785298+00:00', '--job-id', '7', '--raw', '--subdir', 'DAGS_FOLDER/sensor_data_pipeline.py', '--cfg-path', '/tmp/tmpt2nchcys']
[2024-08-02T09:51:45.259+0000] {standard_task_runner.py:85} INFO - Job 7: Subtask spark_streaming_job
[2024-08-02T09:51:45.301+0000] {task_command.py:415} INFO - Running <TaskInstance: sensor_data_pipeline.spark_streaming_job manual__2024-08-02T09:46:37.785298+00:00 [running]> on host 94bd5b7a2680
[2024-08-02T09:51:45.367+0000] {taskinstance.py:1660} INFO - Exporting env vars: AIRFLOW_CTX_DAG_OWNER='***' AIRFLOW_CTX_DAG_ID='sensor_data_pipeline' AIRFLOW_CTX_TASK_ID='spark_streaming_job' AIRFLOW_CTX_EXECUTION_DATE='2024-08-02T09:46:37.785298+00:00' AIRFLOW_CTX_TRY_NUMBER='2' AIRFLOW_CTX_DAG_RUN_ID='manual__2024-08-02T09:46:37.785298+00:00'
[2024-08-02T09:51:45.375+0000] {base.py:73} INFO - Using connection ID 'spark_default' for task execution.
[2024-08-02T09:51:45.376+0000] {spark_submit.py:403} INFO - Spark-Submit cmd: spark-submit --master spark://spark-master:7077 --name arrow-spark --verbose --deploy-mode client /opt/***/dags/src/processors/sensor_data_processor.py
[2024-08-02T09:51:45.519+0000] {spark_submit.py:579} INFO - /home/***/.local/lib/python3.8/site-packages/pyspark/bin/load-spark-env.sh: line 68: ps: command not found
[2024-08-02T09:51:47.379+0000] {spark_submit.py:579} INFO - Using properties file: null
[2024-08-02T09:51:47.531+0000] {spark_submit.py:579} INFO - Parsed arguments:
[2024-08-02T09:51:47.532+0000] {spark_submit.py:579} INFO - master                  spark://spark-master:7077
[2024-08-02T09:51:47.532+0000] {spark_submit.py:579} INFO - deployMode              client
[2024-08-02T09:51:47.533+0000] {spark_submit.py:579} INFO - executorMemory          null
[2024-08-02T09:51:47.533+0000] {spark_submit.py:579} INFO - executorCores           null
[2024-08-02T09:51:47.534+0000] {spark_submit.py:579} INFO - totalExecutorCores      null
[2024-08-02T09:51:47.534+0000] {spark_submit.py:579} INFO - propertiesFile          null
[2024-08-02T09:51:47.534+0000] {spark_submit.py:579} INFO - driverMemory            null
[2024-08-02T09:51:47.535+0000] {spark_submit.py:579} INFO - driverCores             null
[2024-08-02T09:51:47.535+0000] {spark_submit.py:579} INFO - driverExtraClassPath    null
[2024-08-02T09:51:47.535+0000] {spark_submit.py:579} INFO - driverExtraLibraryPath  null
[2024-08-02T09:51:47.540+0000] {spark_submit.py:579} INFO - driverExtraJavaOptions  null
[2024-08-02T09:51:47.540+0000] {spark_submit.py:579} INFO - supervise               false
[2024-08-02T09:51:47.541+0000] {spark_submit.py:579} INFO - queue                   null
[2024-08-02T09:51:47.542+0000] {spark_submit.py:579} INFO - numExecutors            null
[2024-08-02T09:51:47.542+0000] {spark_submit.py:579} INFO - files                   null
[2024-08-02T09:51:47.543+0000] {spark_submit.py:579} INFO - pyFiles                 null
[2024-08-02T09:51:47.543+0000] {spark_submit.py:579} INFO - archives                null
[2024-08-02T09:51:47.545+0000] {spark_submit.py:579} INFO - mainClass               null
[2024-08-02T09:51:47.545+0000] {spark_submit.py:579} INFO - primaryResource         file:/opt/***/dags/src/processors/sensor_data_processor.py
[2024-08-02T09:51:47.545+0000] {spark_submit.py:579} INFO - name                    arrow-spark
[2024-08-02T09:51:47.546+0000] {spark_submit.py:579} INFO - childArgs               []
[2024-08-02T09:51:47.546+0000] {spark_submit.py:579} INFO - jars                    null
[2024-08-02T09:51:47.548+0000] {spark_submit.py:579} INFO - packages                null
[2024-08-02T09:51:47.549+0000] {spark_submit.py:579} INFO - packagesExclusions      null
[2024-08-02T09:51:47.549+0000] {spark_submit.py:579} INFO - repositories            null
[2024-08-02T09:51:47.550+0000] {spark_submit.py:579} INFO - verbose                 true
[2024-08-02T09:51:47.550+0000] {spark_submit.py:579} INFO - 
[2024-08-02T09:51:47.551+0000] {spark_submit.py:579} INFO - Spark properties used, including those specified through
[2024-08-02T09:51:47.551+0000] {spark_submit.py:579} INFO - --conf and those from the properties file null:
[2024-08-02T09:51:47.551+0000] {spark_submit.py:579} INFO - 
[2024-08-02T09:51:47.552+0000] {spark_submit.py:579} INFO - 
[2024-08-02T09:51:47.560+0000] {spark_submit.py:579} INFO - 
[2024-08-02T09:51:48.001+0000] {spark_submit.py:579} INFO - Main class:
[2024-08-02T09:51:48.001+0000] {spark_submit.py:579} INFO - org.apache.spark.deploy.PythonRunner
[2024-08-02T09:51:48.002+0000] {spark_submit.py:579} INFO - Arguments:
[2024-08-02T09:51:48.002+0000] {spark_submit.py:579} INFO - file:/opt/***/dags/src/processors/sensor_data_processor.py
[2024-08-02T09:51:48.002+0000] {spark_submit.py:579} INFO - null
[2024-08-02T09:51:48.007+0000] {spark_submit.py:579} INFO - Spark config:
[2024-08-02T09:51:48.007+0000] {spark_submit.py:579} INFO - (spark.app.name,arrow-spark)
[2024-08-02T09:51:48.007+0000] {spark_submit.py:579} INFO - (spark.app.submitTime,1722592307974)
[2024-08-02T09:51:48.008+0000] {spark_submit.py:579} INFO - (spark.master,spark://spark-master:7077)
[2024-08-02T09:51:48.008+0000] {spark_submit.py:579} INFO - (spark.submit.deployMode,client)
[2024-08-02T09:51:48.008+0000] {spark_submit.py:579} INFO - (spark.submit.pyFiles,)
[2024-08-02T09:51:48.008+0000] {spark_submit.py:579} INFO - Classpath elements:
[2024-08-02T09:51:48.009+0000] {spark_submit.py:579} INFO - 
[2024-08-02T09:51:48.009+0000] {spark_submit.py:579} INFO - 
[2024-08-02T09:51:48.009+0000] {spark_submit.py:579} INFO - 
[2024-08-02T09:51:48.204+0000] {spark_submit.py:579} INFO - /usr/local/bin/python: can't open file '/opt/***/dags/src/processors/sensor_data_processor.py': [Errno 2] No such file or directory
[2024-08-02T09:51:48.223+0000] {spark_submit.py:579} INFO - 24/08/02 09:51:48 INFO ShutdownHookManager: Shutdown hook called
[2024-08-02T09:51:48.225+0000] {spark_submit.py:579} INFO - 24/08/02 09:51:48 INFO ShutdownHookManager: Deleting directory /tmp/spark-74aee4d3-07af-4cab-a6ae-d7e04d406501
[2024-08-02T09:51:48.261+0000] {taskinstance.py:1935} ERROR - Task failed with exception
Traceback (most recent call last):
  File "/home/airflow/.local/lib/python3.8/site-packages/airflow/providers/apache/spark/operators/spark_submit.py", line 174, in execute
    self._hook.submit(self.application)
  File "/home/airflow/.local/lib/python3.8/site-packages/airflow/providers/apache/spark/hooks/spark_submit.py", line 505, in submit
    raise AirflowException(
airflow.exceptions.AirflowException: Cannot execute: spark-submit --master spark://spark-master:7077 --name arrow-spark --verbose --deploy-mode client /opt/***/dags/src/processors/sensor_data_processor.py. Error code is: 2.
[2024-08-02T09:51:48.264+0000] {taskinstance.py:1398} INFO - Marking task as FAILED. dag_id=sensor_data_pipeline, task_id=spark_streaming_job, execution_date=20240802T094637, start_date=20240802T095145, end_date=20240802T095148
[2024-08-02T09:51:48.281+0000] {standard_task_runner.py:104} ERROR - Failed to execute job 7 for task spark_streaming_job (Cannot execute: spark-submit --master spark://spark-master:7077 --name arrow-spark --verbose --deploy-mode client /opt/***/dags/src/processors/sensor_data_processor.py. Error code is: 2.; 753)
[2024-08-02T09:51:48.294+0000] {local_task_job_runner.py:228} INFO - Task exited with return code 1
[2024-08-02T09:51:48.307+0000] {taskinstance.py:2776} INFO - 0 downstream tasks scheduled from follow-on schedule check
